<?xml version="1.0" encoding="UTF-8"?>
<robot generator="Robot 5.0.1 (Python 3.11.1 on win32)" generated="20230226 21:57:57.839" rpa="false" schemaversion="3">
<suite id="s1" name="Test3" source="c:\Users\olive\Desktop\robot\datart\Test3.robot">
<test id="s1-t1" name="Empty Basket" line="14">
<kw name="Open Browser" library="SeleniumLibrary">
<arg>${URL}</arg>
<arg>${BROWSER}</arg>
<doc>Opens a new browser instance to the optional ``url``.</doc>
<msg timestamp="20230226 21:57:58.383" level="INFO">Opening browser 'Chrome' to base url 'https://www.datart.sk/'.</msg>
<status status="PASS" starttime="20230226 21:57:58.382" endtime="20230226 21:58:02.305"/>
</kw>
<kw name="Maximize Browser Window" library="SeleniumLibrary">
<doc>Maximizes current browser window.</doc>
<status status="PASS" starttime="20230226 21:58:02.316" endtime="20230226 21:58:02.716"/>
</kw>
<kw name="Click Element" library="SeleniumLibrary">
<arg>xpath=//div[contains(@class,'box')]//button[contains(text(),'Súhlasím a pokračovať')]</arg>
<doc>Click the element identified by ``locator``.</doc>
<msg timestamp="20230226 21:58:02.734" level="INFO">Clicking element 'xpath=//div[contains(@class,'box')]//button[contains(text(),'Súhlasím a pokračovať')]'.</msg>
<status status="PASS" starttime="20230226 21:58:02.731" endtime="20230226 21:58:03.300"/>
</kw>
<kw name="Click Element" library="SeleniumLibrary">
<arg>xpath=//h2[contains(@class, 'footer')]/..//a[contains(@href, 'pc-notebooky')]</arg>
<doc>Click the element identified by ``locator``.</doc>
<msg timestamp="20230226 21:58:03.303" level="INFO">Clicking element 'xpath=//h2[contains(@class, 'footer')]/..//a[contains(@href, 'pc-notebooky')]'.</msg>
<status status="PASS" starttime="20230226 21:58:03.301" endtime="20230226 21:58:07.310"/>
</kw>
<kw name="Click Element" library="SeleniumLibrary">
<arg>xpath=//span[contains(text(),'Macbooky')]</arg>
<doc>Click the element identified by ``locator``.</doc>
<msg timestamp="20230226 21:58:07.313" level="INFO">Clicking element 'xpath=//span[contains(text(),'Macbooky')]'.</msg>
<status status="PASS" starttime="20230226 21:58:07.313" endtime="20230226 21:58:09.425"/>
</kw>
<kw name="Wait Until Element Is Visible" library="SeleniumLibrary">
<arg>xpath=//button[@data-lb-action='buy']/span</arg>
<doc>Waits until the element ``locator`` is visible.</doc>
<status status="PASS" starttime="20230226 21:58:09.426" endtime="20230226 21:58:09.595"/>
</kw>
<kw name="Click Element" library="SeleniumLibrary">
<arg>xpath=//button[@data-lb-action='buy']/span</arg>
<doc>Click the element identified by ``locator``.</doc>
<msg timestamp="20230226 21:58:09.599" level="INFO">Clicking element 'xpath=//button[@data-lb-action='buy']/span'.</msg>
<status status="PASS" starttime="20230226 21:58:09.599" endtime="20230226 21:58:09.926"/>
</kw>
<kw name="Wait Until Element Is Visible" library="SeleniumLibrary">
<arg>xpath=//button[@aria-label='Close']</arg>
<doc>Waits until the element ``locator`` is visible.</doc>
<status status="PASS" starttime="20230226 21:58:09.927" endtime="20230226 21:58:10.749"/>
</kw>
<kw name="Click Element" library="SeleniumLibrary">
<arg>xpath=//button[@aria-label='Close']</arg>
<doc>Click the element identified by ``locator``.</doc>
<msg timestamp="20230226 21:58:10.760" level="INFO">Clicking element 'xpath=//button[@aria-label='Close']'.</msg>
<status status="PASS" starttime="20230226 21:58:10.759" endtime="20230226 21:58:11.076"/>
</kw>
<kw name="Get Element Count" library="SeleniumLibrary">
<var>${discountPopUp}</var>
<arg>xpath=//div[@class='boxed-content']</arg>
<doc>Returns the number of elements matching ``locator``.</doc>
<msg timestamp="20230226 21:58:11.192" level="INFO">${discountPopUp} = 0</msg>
<status status="PASS" starttime="20230226 21:58:11.078" endtime="20230226 21:58:11.193"/>
</kw>
<if>
<branch type="IF" condition="($discountPopUp == 1)">
<kw name="Click Element" library="SeleniumLibrary">
<arg>xpath=//span[@class='close-cross']</arg>
<doc>Click the element identified by ``locator``.</doc>
<status status="NOT RUN" starttime="20230226 21:58:11.210" endtime="20230226 21:58:11.212"/>
</kw>
<status status="NOT RUN" starttime="20230226 21:58:11.209" endtime="20230226 21:58:11.213"/>
</branch>
<status status="PASS" starttime="20230226 21:58:11.194" endtime="20230226 21:58:11.217"/>
</if>
<kw name="Wait Until Element Is Visible" library="SeleniumLibrary">
<arg>xpath=//img[@class='svg-cart-full']</arg>
<doc>Waits until the element ``locator`` is visible.</doc>
<status status="PASS" starttime="20230226 21:58:11.222" endtime="20230226 21:58:11.362"/>
</kw>
<kw name="Click Element" library="SeleniumLibrary">
<arg>xpath=//img[@class='svg-cart-full']</arg>
<doc>Click the element identified by ``locator``.</doc>
<msg timestamp="20230226 21:58:11.368" level="INFO">Clicking element 'xpath=//img[@class='svg-cart-full']'.</msg>
<status status="PASS" starttime="20230226 21:58:11.363" endtime="20230226 21:58:12.674"/>
</kw>
<kw name="Click Element" library="SeleniumLibrary">
<arg>xpath=//img[contains(@src,'remove')]</arg>
<doc>Click the element identified by ``locator``.</doc>
<msg timestamp="20230226 21:58:12.676" level="INFO">Clicking element 'xpath=//img[contains(@src,'remove')]'.</msg>
<status status="PASS" starttime="20230226 21:58:12.675" endtime="20230226 21:58:12.898"/>
</kw>
<kw name="Click Element" library="SeleniumLibrary">
<arg>xpath=//a[contains(@class,'continue')]</arg>
<doc>Click the element identified by ``locator``.</doc>
<msg timestamp="20230226 21:58:12.918" level="INFO">Clicking element 'xpath=//a[contains(@class,'continue')]'.</msg>
<status status="PASS" starttime="20230226 21:58:12.917" endtime="20230226 21:58:14.064"/>
</kw>
<kw name="Get Text" library="SeleniumLibrary">
<var>${actualTxt}</var>
<arg>xpath=//div[@class='modal-body']</arg>
<doc>Returns the text value of the element identified by ``locator``.</doc>
<msg timestamp="20230226 21:58:14.239" level="INFO">${actualTxt} = Neplatná hodnota položky v košíku, košík byl vymazán</msg>
<status status="PASS" starttime="20230226 21:58:14.080" endtime="20230226 21:58:14.240"/>
</kw>
<kw name="Should Be Equal" library="BuiltIn">
<arg>${actualTxt}</arg>
<arg>${expectedTxt}</arg>
<doc>Fails if the given objects are unequal.</doc>
<status status="PASS" starttime="20230226 21:58:14.241" endtime="20230226 21:58:14.242"/>
</kw>
<kw name="Close Browser" library="SeleniumLibrary">
<doc>Closes the current browser.</doc>
<status status="PASS" starttime="20230226 21:58:14.244" endtime="20230226 21:58:17.055"/>
</kw>
<status status="PASS" starttime="20230226 21:57:58.380" endtime="20230226 21:58:17.058"/>
</test>
<doc>Empty Basket</doc>
<status status="PASS" starttime="20230226 21:57:57.875" endtime="20230226 21:58:17.065"/>
</suite>
<statistics>
<total>
<stat pass="1" fail="0" skip="0">All Tests</stat>
</total>
<tag>
</tag>
<suite>
<stat pass="1" fail="0" skip="0" id="s1" name="Test3">Test3</stat>
</suite>
</statistics>
<errors>
</errors>
</robot>
